<?xml version="1.0" encoding="UTF-8"?>
<testsuite xmlns:xsi="http://www.w3.org/2001/XMLSchema-instance" xsi:noNamespaceSchemaLocation="https://maven.apache.org/surefire/maven-surefire-plugin/xsd/surefire-test-report-3.0.xsd" version="3.0" name="examples.ExamplesTest" time="3.089" tests="1" errors="0" skipped="0" failures="1">
  <properties>
[...]
</properties>
  <testcase name="testParallel" classname="examples.ExamplesTest" time="3.08">
    <failure message="status code was: 201, expected: 400, response time in milliseconds: 466, url: https://todolist-sample.com/register, response: &#10;{&#10;  &quot;message&quot;: &quot;User registered successfully&quot;&#10;}&#10;&#10;classpath:examples/sample/demotest.feature:107 ==&gt; expected: &lt;0&gt; but was: &lt;1&gt;" type="org.opentest4j.AssertionFailedError"><![CDATA[org.opentest4j.AssertionFailedError: 
status code was: 201, expected: 400, response time in milliseconds: 466, url: https://todolist-sample.com/register, response: 
{
  "message": "User registered successfully"
}

classpath:examples/sample/demotest.feature:107 ==> expected: <0> but was: <1>
	at org.junit.jupiter.api.AssertionFailureBuilder.build(AssertionFailureBuilder.java:151)
	at org.junit.jupiter.api.AssertionFailureBuilder.buildAndThrow(AssertionFailureBuilder.java:132)
	at org.junit.jupiter.api.AssertEquals.failNotEqual(AssertEquals.java:197)
	at org.junit.jupiter.api.AssertEquals.assertEquals(AssertEquals.java:150)
	at org.junit.jupiter.api.Assertions.assertEquals(Assertions.java:563)
	at examples.ExamplesTest.testParallel(ExamplesTest.java:15)
	at java.base/java.lang.reflect.Method.invoke(Method.java:580)
	at java.base/java.util.ArrayList.forEach(ArrayList.java:1597)
	at java.base/java.util.ArrayList.forEach(ArrayList.java:1597)
]]></failure>
    <system-out><![CDATA[21:37:57.485 [main] DEBUG com.intuit.karate.Suite - [config] classpath:karate-config.js
21:37:57.881 [pool-2-thread-1] INFO  com.intuit.karate - karate.env system property was: null 
21:37:57.919 [pool-2-thread-1] INFO  com.intuit.karate - [print] user_20241016213757 
21:37:57.920 [pool-2-thread-1] INFO  com.intuit.karate - [print] testmail_20241016213757@example.com 
21:37:57.921 [pool-2-thread-1] INFO  com.intuit.karate - [print] test12345 
21:37:58.052 [pool-2-thread-1] DEBUG com.intuit.karate - request:
1 > POST https://todolist-sample.com/register
1 > Content-Type: application/json; charset=UTF-8
1 > Content-Length: 103
1 > Host: todolist-sample.com
1 > Connection: Keep-Alive
1 > User-Agent: Apache-HttpClient/4.5.14 (Java/22.0.2)
1 > Accept-Encoding: gzip,deflate
{"username":"user_20241016213757","email":"testmail_20241016213757@example.com","password":"test12345"}

21:37:58.667 [pool-2-thread-1] DEBUG com.intuit.karate - response time in milliseconds: 605
1 < 201
1 < Date: Wed, 16 Oct 2024 12:36:49 GMT
1 < Content-Type: application/json
1 < Content-Length: 48
1 < Connection: keep-alive
1 < Server: Werkzeug/3.0.4 Python/3.9.20
1 < Vary: Cookie
1 < Set-Cookie: session=eyJsb2dnZWRfaW4iOnRydWUsInJlZ2lzdGVyZWQiOnRydWUsInVzZXJfaWQiOjd9.Zw-zYQ.5Cyx5IsWi1VjbOYpBzgVpOiBjfA; HttpOnly; Path=/
{
  "message": "User registered successfully"
}


21:37:58.672 [pool-2-thread-1] INFO  com.intuit.karate - [print] {
  "message": "User registered successfully"
}
 
21:37:58.680 [pool-2-thread-1] DEBUG c.intuit.karate.core.ScenarioEngine - over-writing existing variable 'body' with new value: {
"identifier": #(email),
"password": #(password)
}
21:37:58.684 [pool-2-thread-1] DEBUG com.intuit.karate - request:
2 > POST https://todolist-sample.com/login
2 > Cookie: session=eyJsb2dnZWRfaW4iOnRydWUsInJlZ2lzdGVyZWQiOnRydWUsInVzZXJfaWQiOjd9.Zw-zYQ.5Cyx5IsWi1VjbOYpBzgVpOiBjfA
2 > Content-Type: application/json; charset=UTF-8
2 > Content-Length: 75
2 > Host: todolist-sample.com
2 > Connection: Keep-Alive
2 > User-Agent: Apache-HttpClient/4.5.14 (Java/22.0.2)
2 > Accept-Encoding: gzip,deflate
{"identifier":"testmail_20241016213757@example.com","password":"test12345"}

21:37:59.168 [pool-2-thread-1] DEBUG com.intuit.karate - response time in milliseconds: 484
2 < 200
2 < Date: Wed, 16 Oct 2024 12:36:49 GMT
2 < Content-Type: application/json
2 < Content-Length: 47
2 < Connection: keep-alive
2 < Server: Werkzeug/3.0.4 Python/3.9.20
2 < Vary: Cookie
2 < Set-Cookie: session=eyJsb2dnZWRfaW4iOnRydWUsInJlZ2lzdGVyZWQiOnRydWUsInVzZXJfaWQiOjd9.Zw-zYQ.5Cyx5IsWi1VjbOYpBzgVpOiBjfA; HttpOnly; Path=/
{
  "message": "User logged in successfully"
}


21:37:59.172 [pool-2-thread-1] INFO  com.intuit.karate - [print] {
  "message": "User logged in successfully"
}
 
21:37:59.175 [pool-2-thread-1] DEBUG c.intuit.karate.core.ScenarioEngine - over-writing existing variable 'body' with new value: {
  "task": "報告書提出",
  "priority": 1,
  "due_date": "2024-10-26",
  "tags": "tag01"
}
21:37:59.179 [pool-2-thread-1] DEBUG com.intuit.karate - request:
3 > POST https://todolist-sample.com/todos
3 > Cookie: session=eyJsb2dnZWRfaW4iOnRydWUsInJlZ2lzdGVyZWQiOnRydWUsInVzZXJfaWQiOjd9.Zw-zYQ.5Cyx5IsWi1VjbOYpBzgVpOiBjfA
3 > Content-Type: application/json; charset=UTF-8
3 > Content-Length: 78
3 > Host: todolist-sample.com
3 > Connection: Keep-Alive
3 > User-Agent: Apache-HttpClient/4.5.14 (Java/22.0.2)
3 > Accept-Encoding: gzip,deflate
{"task":"報告書提出","priority":1,"due_date":"2024-10-26","tags":"tag01"}

21:37:59.234 [pool-2-thread-1] DEBUG com.intuit.karate - response time in milliseconds: 54
3 < 201
3 < Date: Wed, 16 Oct 2024 12:36:49 GMT
3 < Content-Type: application/json
3 < Content-Length: 174
3 < Connection: keep-alive
3 < Server: Werkzeug/3.0.4 Python/3.9.20
3 < Vary: Cookie
{
  "created_at": "2024-10-16T21:36:49.670574+09:00",
  "due_date": "2024-10-26",
  "id": 5,
  "priority": 1,
  "tags": "tag01",
  "task": "\u5831\u544a\u66f8\u63d0\u51fa"
}


21:37:59.235 [pool-2-thread-1] INFO  com.intuit.karate - [print] {
  "created_at": "2024-10-16T21:36:49.670574+09:00",
  "due_date": "2024-10-26",
  "id": 5,
  "priority": 1,
  "tags": "tag01",
  "task": "報告書提出"
}
 
21:37:59.237 [pool-2-thread-1] INFO  com.intuit.karate - [print] true 
21:37:59.238 [pool-2-thread-1] DEBUG com.intuit.karate - request:
4 > POST https://todolist-sample.com/logout
4 > Cookie: session=eyJsb2dnZWRfaW4iOnRydWUsInJlZ2lzdGVyZWQiOnRydWUsInVzZXJfaWQiOjd9.Zw-zYQ.5Cyx5IsWi1VjbOYpBzgVpOiBjfA
4 > Content-Type: application/json; charset=UTF-8
4 > Content-Length: 78
4 > Host: todolist-sample.com
4 > Connection: Keep-Alive
4 > User-Agent: Apache-HttpClient/4.5.14 (Java/22.0.2)
4 > Accept-Encoding: gzip,deflate
{"task":"報告書提出","priority":1,"due_date":"2024-10-26","tags":"tag01"}

21:37:59.278 [pool-2-thread-1] DEBUG com.intuit.karate - response time in milliseconds: 40
4 < 200
4 < Date: Wed, 16 Oct 2024 12:36:49 GMT
4 < Content-Type: application/json
4 < Content-Length: 72
4 < Connection: keep-alive
4 < Server: Werkzeug/3.0.4 Python/3.9.20
4 < Vary: Cookie
4 < Set-Cookie: session=eyJyZWdpc3RlcmVkIjp0cnVlfQ.Zw-zYQ.A3YWgzh0Z0U_mwzDXFKdmyaOQBY; HttpOnly; Path=/
{
  "message": "User logged out successfully",
  "redirect": "/login"
}


21:37:59.279 [pool-2-thread-1] INFO  com.intuit.karate - [print] {
  "message": "User logged out successfully",
  "redirect": "/login"
}
 
21:37:59.284 [pool-2-thread-1] INFO  com.intuit.karate - [print] user_20241016213759 
21:37:59.284 [pool-2-thread-1] INFO  com.intuit.karate - [print] testmail_20241016213759@example 
21:37:59.285 [pool-2-thread-1] INFO  com.intuit.karate - [print] test12345 
21:37:59.285 [pool-2-thread-1] DEBUG c.intuit.karate.core.ScenarioEngine - over-writing existing variable 'body' with new value: {
 "username": #(username2),
 "email": #(email2),
 "password": #(password2)
}
21:37:59.287 [pool-2-thread-1] DEBUG com.intuit.karate - request:
5 > POST https://todolist-sample.com/register
5 > Cookie: session=eyJyZWdpc3RlcmVkIjp0cnVlfQ.Zw-zYQ.A3YWgzh0Z0U_mwzDXFKdmyaOQBY
5 > Content-Type: application/json; charset=UTF-8
5 > Content-Length: 99
5 > Host: todolist-sample.com
5 > Connection: Keep-Alive
5 > User-Agent: Apache-HttpClient/4.5.14 (Java/22.0.2)
5 > Accept-Encoding: gzip,deflate
{"username":"user_20241016213759","email":"testmail_20241016213759@example","password":"test12345"}

21:37:59.754 [pool-2-thread-1] DEBUG com.intuit.karate - response time in milliseconds: 466
5 < 201
5 < Date: Wed, 16 Oct 2024 12:36:50 GMT
5 < Content-Type: application/json
5 < Content-Length: 48
5 < Connection: keep-alive
5 < Server: Werkzeug/3.0.4 Python/3.9.20
5 < Vary: Cookie
5 < Set-Cookie: session=eyJsb2dnZWRfaW4iOnRydWUsInJlZ2lzdGVyZWQiOnRydWUsInVzZXJfaWQiOjh9.Zw-zYg.QcIsmlXIteWmsMCAFtcLszjsDw4; HttpOnly; Path=/
{
  "message": "User registered successfully"
}


21:37:59.769 [pool-2-thread-1] ERROR com.intuit.karate - classpath:examples/sample/demotest.feature:107
Then status 400
status code was: 201, expected: 400, response time in milliseconds: 466, url: https://todolist-sample.com/register, response: 
{
  "message": "User registered successfully"
}

classpath:examples/sample/demotest.feature:107
---------------------------------------------------------
feature: classpath:examples/sample/demotest.feature
scenarios:  1 | passed:  0 | failed:  1 | time: 1.8709
---------------------------------------------------------

21:38:00.082 [pool-3-thread-1] INFO  com.intuit.karate.Suite - <<fail>> feature 1 of 1 (0 remaining) classpath:examples/sample/demotest.feature
Karate version: 1.5.0
======================================================
elapsed:   2.88 | threads:    5 | thread time: 1.87 
features:     1 | skipped:    0 | efficiency: 0.13
scenarios:    1 | passed:     0 | failed: 1
======================================================
>>> failed features:
status code was: 201, expected: 400, response time in milliseconds: 466, url: https://todolist-sample.com/register, response: 
{
  "message": "User registered successfully"
}

classpath:examples/sample/demotest.feature:107
<<<

HTML report: (paste into browser to view) | Karate version: 1.5.0
file:///Users/hiralin/DemoTest/target/karate-reports/karate-summary.html
===================================================================

]]></system-out>
  </testcase>
</testsuite>